2014/09/18 23:20:52 INFO  - jmeter.util.JMeterUtils: Setting Locale to pl_PL 
2014/09/18 23:20:52 INFO  - jmeter.util.JMeterUtils: Could not find resources for 'pl_PL', using 'pl' 
2014/09/18 23:20:52 INFO  - jmeter.JMeter: Loading user properties from: /home/lewy/workspaceEE/jmeter/bin/user.properties 
2014/09/18 23:20:52 INFO  - jmeter.JMeter: Loading system properties from: /home/lewy/workspaceEE/jmeter/bin/system.properties 
2014/09/18 23:20:52 INFO  - jmeter.JMeter: Copyright (c) 1998-2014 The Apache Software Foundation 
2014/09/18 23:20:52 INFO  - jmeter.JMeter: Version 2.12-SNAPSHOT.20140918 
2014/09/18 23:20:52 INFO  - jmeter.JMeter: java.version=1.7.0_21 
2014/09/18 23:20:52 INFO  - jmeter.JMeter: java.vm.name=OpenJDK 64-Bit Server VM 
2014/09/18 23:20:52 INFO  - jmeter.JMeter: os.name=Linux 
2014/09/18 23:20:52 INFO  - jmeter.JMeter: os.arch=amd64 
2014/09/18 23:20:52 INFO  - jmeter.JMeter: os.version=3.11-2-amd64 
2014/09/18 23:20:52 INFO  - jmeter.JMeter: file.encoding=UTF-8 
2014/09/18 23:20:52 INFO  - jmeter.JMeter: Default Locale=polski (Polska) 
2014/09/18 23:20:52 INFO  - jmeter.JMeter: JMeter  Locale=polski (Polska) 
2014/09/18 23:20:52 INFO  - jmeter.JMeter: JMeterHome=/home/lewy/workspaceEE/jmeter 
2014/09/18 23:20:52 INFO  - jmeter.JMeter: user.dir  =/home/lewy/workspaceEE/jmeter 
2014/09/18 23:20:52 INFO  - jmeter.JMeter: PWD       =/home/lewy/workspaceEE/jmeter 
2014/09/18 23:20:52 INFO  - jmeter.JMeter: IP: 127.0.1.1 Name: dell FullName: dell 
2014/09/18 23:20:52 INFO  - jmeter.JMeter: Loaded icon properties from org/apache/jmeter/images/icon.properties 
2014/09/18 23:20:53 INFO  - jmeter.engine.util.CompoundVariable: Note: Function class names must contain the string: '.functions.' 
2014/09/18 23:20:53 INFO  - jmeter.engine.util.CompoundVariable: Note: Function class names must not contain the string: '.gui.' 
2014/09/18 23:20:53 INFO  - jmeter.gui.action.LookAndFeelCommand: Using look and feel: javax.swing.plaf.metal.MetalLookAndFeel [Metal, CrossPlatform] 
2014/09/18 23:20:53 WARN  - jmeter.util.JMeterUtils: ERROR! Resource string not found: [difff] 
2014/09/18 23:20:53 INFO  - jmeter.util.BSFTestElement: Registering JMeter version of JavaScript engine as work-round for BSF-22 
2014/09/18 23:20:54 INFO  - jmeter.protocol.http.sampler.HTTPSamplerBase: Cannot find .className property for htmlParser, using default 
2014/09/18 23:20:54 INFO  - jmeter.protocol.http.sampler.HTTPSamplerBase: Parser for text/html is  
2014/09/18 23:20:54 INFO  - jmeter.protocol.http.sampler.HTTPSamplerBase: Parser for application/xhtml+xml is  
2014/09/18 23:20:54 INFO  - jmeter.protocol.http.sampler.HTTPSamplerBase: Parser for application/xml is  
2014/09/18 23:20:54 INFO  - jmeter.protocol.http.sampler.HTTPSamplerBase: Parser for text/xml is  
2014/09/18 23:20:54 INFO  - jmeter.protocol.http.sampler.HTTPSamplerBase: Parser for text/vnd.wap.wml is org.apache.jmeter.protocol.http.parser.RegexpHTMLParser 
2014/09/18 23:20:54 INFO  - jmeter.gui.util.MenuFactory: Skipping org.apache.jmeter.protocol.http.control.gui.WebServiceSamplerGui 
2014/09/18 23:20:54 INFO  - jmeter.gui.util.MenuFactory: Skipping org.apache.jmeter.protocol.http.modifier.gui.ParamModifierGui 
2014/09/18 23:20:54 INFO  - jorphan.exec.KeyToolUtils: keytool found at 'keytool' 
2014/09/18 23:20:54 INFO  - jmeter.protocol.http.proxy.ProxyControl: HTTP(S) Test Script Recorder SSL Proxy will use keys that support embedded 3rd party resources in file /home/lewy/workspaceEE/jmeter/bin/proxyserver.jks 
2014/09/18 23:20:55 INFO  - jmeter.samplers.SampleResult: Note: Sample TimeStamps are START times 
2014/09/18 23:20:55 INFO  - jmeter.samplers.SampleResult: sampleresult.default.encoding is set to ISO-8859-1 
2014/09/18 23:20:55 INFO  - jmeter.samplers.SampleResult: sampleresult.useNanoTime=true 
2014/09/18 23:20:55 INFO  - jmeter.samplers.SampleResult: sampleresult.nanoThreadSleep=5000 
2014/09/18 23:21:02 INFO  - jmeter.save.SaveService: Testplan (JMX) version: 2.2. Testlog (JTL) version: 2.2 
2014/09/18 23:21:02 INFO  - jmeter.save.SaveService: Using SaveService properties file encoding UTF-8 
2014/09/18 23:21:02 INFO  - jmeter.save.SaveService: Using SaveService properties version 2.7 
2014/09/18 23:21:02 INFO  - jmeter.save.SaveService: Using SaveService properties file version 1618048 
2014/09/18 23:21:02 INFO  - jmeter.save.SaveService: All converter versions present and correct 
